         w __deregister_frame_info
         w _ITM_deregisterTMCloneTable
         w _ITM_registerTMCloneTable
         w __register_frame_info
00000000 00000401 b __fixedpath
00000000 b .LANCHOR1
00000000 a shift
00000000 a shift
00000000 b _TLS_MODULE_BASE_
00000404 b .LANCHOR3
00000404 00000802 b __utf16path
00000c08 b .LANCHOR5
00000c08 00000802 b __utf16path_old.8298
00100000 T _start
00100000 A __start__
00100008 T __service_ptr
0010000c T __apt_appid
00100010 T __heap_size
00100014 T __linear_heap_size
00100018 T __system_arglist
0010001c T __system_runflags
00100020 t startup
00100058 t ClearMem
0010006c t ClrLoop
00100094 T _init
001000ac T initSystem
001000f0 T __ctru_exit
00100110 T __aeabi_idiv
00100110 00000220 T __divsi3
00100118 t .divsi3_skip_div0_test
00100330 00000020 T __aeabi_idivmod
00100350 00000004 W __aeabi_idiv0
00100350 00000004 W __aeabi_ldiv0
00100354 T __aeabi_uldivmod
001003a8 00000390 T strcmp
00100730 T __aeabi_uidiv
00100730 000001ec T __udivsi3
00100730 t .udivsi3_skip_div0_test
0010091c 00000020 T __aeabi_uidivmod
0010093c t deregister_tm_clones
00100968 t register_tm_clones
001009a0 t __do_global_dtors_aux
001009e4 t frame_dummy
00100a18 000001fc T main
00100c14 000001b8 T consoleDrawChar
00100dcc 00000124 T consolePrintChar
00100ef0 00000164 t consoleCls
00101054 00000104 T consoleInit
00101158 00000114 t consoleClearLine
0010126c 000000c4 t newRow
00101330 000007b8 T con_write
00101ae8 0000008c t gfxSetFramebufferInfo.part.0
00101b74 0000006c t gfxSetFramebufferInfo
00101be0 00000058 t gfxGetFramebuffer.part.1
00101c38 00000018 T __get_bytes_per_pixel
00101c50 00000184 T gfxSetScreenFormat
00101dd4 00000010 T gfxSetDoubleBuffering
00101de4 00000210 T gfxInit
00101ff4 00000010 T gfxInitDefault
00102004 000000e0 T gfxExit
001020e4 00000060 T gfxGetFramebuffer
00102144 000000cc T gfxFlushBuffers
00102210 000000f8 T gfxConfigScreen
00102308 00000020 T gfxSwapBuffers
00102328 00000020 T gfxSwapBuffersGpu
00102348 00000074 T gspInit
001023bc 0000003c T gspExit
001023f8 000000a0 T gspInitEventHandler
00102498 00000040 T gspExitEventHandler
001024d8 00000044 T gspWaitForEvent
0010251c 00000004 W gxCmdQueueInterrupt
00102520 00000178 t gspEventThreadMain
00102698 0000006c T GSPGPU_SetBufferSwap
00102704 0000004c T GSPGPU_FlushDataCache
00102750 00000034 T GSPGPU_SetLcdForceBlack
00102784 00000064 T GSPGPU_RegisterInterruptRelayQueue
001027e8 0000002c T GSPGPU_UnregisterInterruptRelayQueue
00102814 00000048 T GSPGPU_AcquireRight
0010285c 0000002c T GSPGPU_ReleaseRight
00102888 00000080 T GSPGPU_ImportDisplayCaptureInfo
00102908 0000002c T GSPGPU_SaveVramSysArea
00102934 0000002c T GSPGPU_RestoreVramSysArea
00102960 00000004 W _aptDebug
00102964 00000170 T aptSendCommand
00102ad4 0000003c t aptExitProcess
00102b10 0000004c T APT_InquireNotification
00102b5c 00000198 t aptEventHandler
00102cf4 00000074 T APT_AppletUtility
00102d68 000000b0 T aptSetSleepAllowed
00102e18 000000b0 T APT_GlanceParameter
00102ec8 000000c4 T APT_ReceiveParameter
00102f8c 000000bc t aptReceiveParameter.constprop.0
00103048 000001e0 t aptScreenTransfer
00103228 00000210 t aptWaitForWakeUp
00103438 00000070 T APT_CancelParameter
001034a8 0000025c T aptInit
00103704 00000088 t aptClearParamQueue
0010378c 00000208 T aptMainLoop
00103998 0000023c T aptExit
00103bd4 0000007c T APT_CheckNew3DS
00103c50 00000028 t hidCheckSectionUpdateTime.part.0
00103c78 000000d0 T hidExit
00103d48 00000210 T hidScanInput
00103f58 00000010 T hidKeysDown
00103f68 00000090 T HIDUSER_GetHandles
00103ff8 000001a4 T hidInit
0010419c 00000038 W __libctru_init
001041d4 00000030 t __ctru_get_reent
00104204 000000e8 T __system_initSyscalls
001042ec 00000104 W __system_allocateHeaps
001043f0 000000f0 T __system_initArgv
001044e0 T svcControlMemory
00104500 T svcExitProcess
00104508 T svcCreateThread
00104528 T svcExitThread
00104530 T svcSleepThread
00104538 T svcReleaseMutex
00104540 T svcCreateEvent
00104554 T svcSignalEvent
0010455c T svcClearEvent
00104564 T svcMapMemoryBlock
0010456c T svcUnmapMemoryBlock
00104574 T svcCreateAddressArbiter
00104588 T svcArbitrateAddress
001045a0 T svcCloseHandle
001045a8 T svcWaitSynchronization
001045b0 T svcWaitSynchronizationN
001045d8 T svcDuplicateHandle
001045ec T svcGetSystemTick
001045f4 T svcGetSystemInfo
0010460c T svcConnectToPort
00104620 T svcSendSyncRequest
00104628 T svcBreak
00104630 00000024 t addrMapNodeComparator(rbtree_node const*, rbtree_node const*)
00104654 00000004 t addrMapNodeDestructor(rbtree_node*)
00104658 00000110 T vramMemAlign
00104768 00000008 T vramAlloc
00104770 00000050 T vramFree
001047c0 00000024 t addrMapNodeComparator(rbtree_node const*, rbtree_node const*)
001047e4 00000004 t addrMapNodeDestructor(rbtree_node*)
001047e8 000000e4 T mappableAlloc
001048cc 00000050 T mappableFree
0010491c 00000024 t addrMapNodeComparator(rbtree_node const*, rbtree_node const*)
00104940 00000004 t addrMapNodeDestructor(rbtree_node*)
00104944 0000011c T linearMemAlign
00104a60 00000008 T linearAlloc
00104a68 00000050 T linearFree
00104ab8 00000090 T MemPool::CoalesceRight(MemBlock*)
00104b48 00000174 T MemPool::Allocate(MemChunk&, unsigned long, int)
00104cbc 000000fc T MemPool::Deallocate(MemChunk const&)
00104db8 00000038 t LightLock_Unlock.part.1
00104df0 0000000c T __sync_init
00104dfc 00000018 T __sync_fini
00104e14 00000010 T __sync_get_arbiter
00104e24 00000018 T LightLock_Init
00104e3c 0000009c T LightLock_Lock
00104ed8 00000034 T LightLock_TryLock
00104f0c 00000020 T LightLock_Unlock
00104f2c 00000024 T RecursiveLock_Init
00104f50 00000030 T RecursiveLock_Lock
00104f80 00000058 T RecursiveLock_TryLock
00104fd8 00000038 T RecursiveLock_Unlock
00105010 00000038 T LightEvent_Init
00105048 0000007c T LightEvent_Clear
001050c4 000000dc T LightEvent_Signal
001051a0 000000c0 T LightEvent_Wait
00105260 00000058 t getSysTime
001052b8 00000028 t __ctru_speedup_config.part.0
001052e0 00000024 T osGetMemRegionUsed
00105308 00000128 T __libctru_gtod
00105430 00000018 T __ctru_speedup_config
00105448 00000058 T srvExit
001054a0 00000038 T srvRegisterClient
001054d8 000000c8 T srvInit
001055a0 00000080 T srvGetServiceHandleDirect
00105620 00000038 T srvGetServiceHandle
00105658 0000001c t threadFree.part.0
00105674 00000194 T threadCreate
00105808 00000024 T threadJoin
0010582c 00000068 T threadExit
00105894 00000048 t _thread_begin
001058dc 000000ac T irrstScanInput
00105988 00000024 T irrstKeysHeld
001059ac 00000050 T IRRST_GetHandles
001059fc 00000154 T irrstInit
00105b50 0000002c T IRRST_Shutdown
00105b7c 000000ac T irrstExit
00105c28 0000000c T srvPmGetSessionHandle
00105c34 00000074 T ptmSysmInit
00105ca8 0000003c T ptmSysmExit
00105ce4 00000034 T PTMSYSM_ConfigureNew3DSCPU
00105d18 00000014 T rbtree_init
00105d2c 0000018c t do_insert
00105eb8 00000008 T rbtree_insert
00105ec0 00000090 T rbtree_rotate
00105f50 00000330 T rbtree_remove
00106280 00000074 T rbtree_find
001062f4 0000001c W __appInit
00106310 0000001c W __appExit
0010632c 000000a0 W __libctru_exit
001063cc 00000080 T envGetHandle
0010644c 0000004c T envDestroyHandles
00106498 00000010 t sdmc_link
001064a8 00000010 t sdmc_dirreset
001064b8 00000010 t sdmc_chmod
001064c8 00000024 t error_cmp
001064ec 00000050 t sdmc_translate_error
0010653c 00000034 t sdmc_fsync
00106570 00000054 t sdmc_ftruncate
001065c4 000000b8 t sdmc_statvfs
0010667c 00000038 t sdmc_dirclose
001066b4 0000012c t sdmc_dirnext
001067e0 00000034 t sdmc_close
00106814 00000074 t sdmc_fstat
00106888 000000d8 t sdmc_seek
00106960 00000084 t sdmc_read
001069e4 000000c0 t sdmc_write
00106aa4 000001b0 t sdmc_utf16path
00106c54 00000074 t sdmc_rmdir
00106cc8 000000a4 t sdmc_diropen
00106d6c 000000b0 t sdmc_chdir
00106e1c 00000094 t sdmc_mkdir
00106eb0 00000108 t sdmc_rename
00106fb8 00000074 t sdmc_unlink
0010702c 00000108 t sdmc_stat
00107134 00000198 t sdmc_open
001072cc 00000010 t sdmc_fchmod
001072dc 00000168 T sdmcInit
00107444 00000060 T sdmcExit
001074a4 00000028 t fsSessionForArchive.part.0
001074cc 000000c4 T fsInit
00107590 0000003c T fsExit
001075cc 00000064 T fsExemptFromSession
00107630 00000054 T fsUnexemptFromSession
00107684 000000bc T FSUSER_OpenFile
00107740 000000a4 T FSUSER_DeleteFile
001077e4 000000dc T FSUSER_RenameFile
001078c0 000000a4 T FSUSER_DeleteDirectory
00107964 000000bc T FSUSER_CreateFile
00107a20 000000ac T FSUSER_CreateDirectory
00107acc 000000dc T FSUSER_RenameDirectory
00107ba8 000000a0 T FSUSER_OpenDirectory
00107c48 00000098 T FSUSER_OpenArchive
00107ce0 00000070 T FSUSER_CloseArchive
00107d50 00000078 T FSUSER_GetSdmcArchiveResource
00107dc8 00000064 T FSUSER_IsSdmcWritable
00107e2c 00000058 T FSFILE_Read
00107e84 00000064 T FSFILE_Write
00107ee8 00000038 T FSFILE_GetSize
00107f20 00000028 T FSFILE_SetSize
00107f48 0000003c T FSFILE_Close
00107f84 00000024 T FSFILE_Flush
00107fa8 00000054 T FSDIR_Read
00107ffc 0000003c T FSDIR_Close
00108038 00000078 T rbtree_node_next
001080b0 000000c0 T utf8_to_utf16
00108170 00000138 T decode_utf8
001082a8 000000e8 T utf16_to_utf8
00108390 T __aeabi_read_tp
0010839c 00000068 T encode_utf16
00108404 00000104 T encode_utf8
00108508 00000060 T decode_utf16
00108568 0000002c T __aeabi_d2lz
00108568 0000002c T __fixdfdi
00108598 00000040 T __aeabi_d2ulz
00108598 00000040 T __fixunsdfdi
001085d8 00000128 T __udivmoddi4
00108700 0000007c T bsearch
0010877c 00000040 T __libc_fini_array
001087bc 0000007c T __libc_init_array
00108838 00000020 T memalign
00108858 0000014c T _memalign_r
001089a4 00000018 T malloc
001089bc 00000018 T free
001089d4 0000078c T _malloc_r
00109160 00000100 T memchr
00109260 00000118 T memcpy
00109378 00000114 T memset
0010948c 0000000c T __malloc_lock
00109498 0000000c T __malloc_unlock
001094a4 00000038 T printf
001094dc 000000e0 T _puts_r
001095bc 00000018 T puts
001095d4 0000025c T setvbuf
00109830 00000074 T sscanf
001098a4 0000003c T __sread
001098e0 00000008 T __seofread
001098e8 00000068 T __swrite
00109950 00000048 T __sseek
00109998 00000008 T __sclose
001099a0 0000005c T strlen
001099fc 00000098 T strncat
00109a94 000000e0 T strncpy
00109b74 0000005c T strnlen
00109bd0 00000048 t get_arg
00109c18 00002b48 T __ssvfscanf_r
0010c760 00000034 T __sprint_r
0010c794 00000630 t get_arg
0010cdc8 00003724 T _vfprintf_r
001104ec 000000d0 t __sbprintf
001105bc 000000a0 T _wcrtomb_r
0011065c 00000020 T _wcsrtombs_r
0011067c 00000150 T __swsetup_r
001107cc 000001c8 t quorem
00110998 000012e4 T _dtoa_r
00111c7c 00000270 T __sflush_r
00111eec 00000094 T _fflush_r
00111f80 00000078 t std
00111ff8 0000000c T _cleanup_r
00112004 0000008c T __sinit
00112090 0000000c T __sfp_lock_acquire
0011209c 0000000c T __sfp_lock_release
001120a8 000000f8 T _malloc_trim_r
001121a0 000002e4 T _free_r
00112484 000004a4 T __sfvwrite_r
00112928 00000080 T _fwalk_reent
001129a8 00000074 T iswspace
00112a1c 000001e0 t __jp2uc
00112bfc 000000c4 T _jp2uc
00112cc0 00000008 T __localeconv_l
00112cc8 00000024 T _localeconv_r
00112cec 00000024 T __locale_mb_cur_max
00112d10 00000008 T __locale_ctype_ptr_l
00112d18 00000024 T __locale_ctype_ptr
00112d3c 00000094 T __swhatbuf_r
00112dd0 000000f4 T __smakebuf_r
00112ec4 000000b4 T _mbrtowc_r
00112f78 000002fc T __utf8_mbtowc
00113274 00000154 T memmove
001133c8 00000088 T _Balloc
00113450 0000001c T _Bfree
0011346c 000000e0 T __multadd
0011354c 000000e4 T __s2b
00113630 00000058 T __hi0bits
00113688 0000009c T __lo0bits
00113724 00000020 T __i2b
00113744 000001c4 T __multiply
00113908 00000100 T __pow5mult
00113a08 000000f4 T __lshift
00113afc 0000005c T __mcmp
00113b58 00000168 T __mdiff
00113cc0 00000074 T __ulp
00113d34 000000d4 T __b2d
00113e08 00000100 T __d2b
00113f08 00000084 T __ratio
00113f8c 0000006c T __copybits
00113ff8 00000078 T __any_on
00114070 00000020 T realloc
00114090 000004bc T _realloc_r
0011454c 000000cc T __sccl
00114618 0000000c T nanf
00114628 000000a8 T frexp
001146d0 00000064 T sprintf
00114734 00000100 T stpncpy
00114834 00000180 T strchr
001149b4 0000010c T strncmp
00114ac0 00000054 t sulp
00114b18 00001404 T _strtod_l
00115f1c 0000003c T _strtod_r
00115f58 00000260 t _strtoll_l.isra.0
001161b8 00000050 T _strtoll_r
00116208 000001b8 t _strtol_l.isra.0
001163c0 00000050 T _strtol_r
00116410 00000260 t _strtoull_l.isra.0
00116670 00000050 T _strtoull_r
001166c0 000001cc t _strtoul_l.isra.0
0011688c 00000050 T _strtoul_r
001168dc 00000188 T __ssprint_r
00116a64 000000e4 T _sungetc_r
00116b48 0000006c T __ssrefill_r
00116bb4 000000c8 T _sfread_r
00116c7c 00000630 t get_arg
001172b0 00003640 T _svfprintf_r
0011a8f0 000000a4 T __submore
0011a994 00000184 T _wcsnrtombs_l
0011ab18 00000064 T _wcsnrtombs_r
0011ab7c 000000e8 T __utf8_wctomb
0011ac64 00000094 T _calloc_r
0011acf8 00000160 T _fclose_r
0011ae58 000000ec t rshift
0011af44 00000828 T __gethex
0011b76c 00000060 T __match
0011b7cc 00000254 T __hexnan
0011ba20 00000008 t null_write
0011ba28 00000018 T setDefaultDevice
0011ba40 000000cc T FindDevice
0011bb0c 00000028 T RemoveDevice
0011bb34 00000098 T AddDevice
0011bbcc 00000084 T _close_r
0011bc50 00000074 T _fstat_r
0011bcc4 00000008 T _isatty_r
0011bccc 00000084 T _lseek_r
0011bd50 00000080 T _read_r
0011bdd0 00000070 T _sbrk_r
0011be40 00000080 T _write_r
0011bec0 000001cc T _concatenate_path
0011c08c 0000015c T chdir
0011c1e8 00000008 T __flockfile
0011c1f0 00000008 T __funlockfile
0011c1f8 00000018 T __libc_lock_acquire
0011c210 00000018 T __libc_lock_release
0011c228 00000018 T __libc_lock_init_recursive
0011c240 00000018 T __libc_lock_acquire_recursive
0011c258 00000018 T __libc_lock_release_recursive
0011c270 00000018 T __libc_lock_close_recursive
0011c288 0000008c T __release_handle
0011c314 00000018 T __get_handle
0011c32c 00000028 T __getreent
0011c354 00000044 T strrchr
0011c398 T _fini
0011d000 R Scale_bgr
00163500 R Scale_bgr_end
00163500 R Scale_bgr_size
00163504 R default_font_bin
00163d04 R default_font_bin_end
00163d04 R default_font_bin_size
00163dd0 00000030 r colorTable
00163e54 00000068 r dotab_stdout
00163ecc 00000014 r CSWTCH.56
00163ee0 00000008 r framebufferInfoSt
00163f40 00000030 r error_table
00163f90 00000022 r basefix.8753
00163ff0 00000010 r blanks.8720
00164000 00000010 r zeroes.8721
00164020 r .LC2
00164038 000000bc r a1
001640f4 000000bc r a2
001641b0 0000005b r a3
0016420c 00000070 r a6
0016427c 000000a2 r a7
00164320 00000040 r a8
00164360 0000172a r b02cf
00165a8c 00001a7c r d02f4
00167550 00000028 R __mprec_bigtens
00167578 000000c8 R __mprec_tens
00167640 0000000c r p05.7473
0016765c 00000014 r fpi.7553
00167670 00000014 r fpinan.7589
00167688 00000028 r tinytens
001676b0 0000006c R __action_table
0016771c 00000100 R __chclass
0016781c 0000006c R __state_table
00167888 00000010 r blanks.8705
00167898 00000010 r zeroes.8706
001678a8 00000101 R _ctype_
001679ac 00000100 R __hexdig
00167ab4 00000070 R dotab_stdnull
00167b24 00000003 R DIRECTORY_PARENT
00167b28 r 
00167b28 R __exidx_end
00167b28 R __exidx_start
00168000 W __stacksize__
00168004 00000004 D currentConsole
00168008 0000004c D defaultConsole
00168054 00000001 d firstConsoleInit.8155
00168055 00000001 d botFormat
00168058 00000008 d doubleBuf
00168060 00000001 d topFormat
00168064 00000004 d gspLastEvent
00168068 00000004 d aptFlags
0016806c 00000004 V __ctru_linear_heap_size
00168070 00000401 d __cwd
00168474 00000068 d sdmc_devoptab
001684dc 00000004 D _impure_ptr
001684e0 00000460 d impure_data
00168940 00000408 D __malloc_av_
00168d48 00000004 D __malloc_sbrk_base
00168d4c 00000004 D __malloc_trim_threshold
00168d50 0000000c d __malloc_recursive_mutex
00168d5c 0000000c d __sfp_recursive_mutex
00168d68 0000000c d __sinit_recursive_mutex
00168d74 0000016c D __global_locale
00168ee0 00000004 d defaultDevice
00168ee4 00000040 D devoptab_list
00168f24 00001000 d _current_working_directory
00169f24 00000004 d __hndl_lock
00169f28 0000000c d __stderr_handle
00169f34 0000000c d __stdin_handle
00169f40 0000000c d __stdout_handle
00169f4c 00001000 d handles
0016af4c t __frame_dummy_init_array_entry
0016af4c T __init_array_start
0016af4c B __preinit_array_end
0016af4c B __preinit_array_start
0016af4c D __tdata_lma
0016af4c D __tdata_lma_end
0016af4c D __TMC_END__
0016af4c d __TMC_LIST__
0016af50 t __do_global_dtors_aux_fini_array_entry
0016af50 T __fini_array_start
0016af50 T __init_array_end
0016af54 T __bss_start__
0016af54 T __fini_array_end
0016af54 b saved_stack
0016af5c b completed.10347
0016af60 b object.10352
0016af78 00000002 b currentBuffer
0016af7a 00000001 b enable3d
0016af7c 00000004 b screenAlloc
0016af80 00000004 b screenFree
0016af84 00000004 b gspEvent
0016af88 0000001c b gspEventCb
0016afa4 0000001c b gspEventCbData
0016afc0 00000007 b gspEventCbOneShot
0016afc8 0000001c b gspEventCounts
0016afe4 00000004 b gspEventData
0016afe8 00000004 b gspEventThread
0016afec 00000038 b gspEvents
0016b024 00000004 b gspRefCount
0016b028 00000001 b gspRunEvents
0016b029 00000001 b aptChainloadMediatype
0016b030 00000008 b aptChainloadTid
0016b038 00000004 b aptEventHandlerThread
0016b03c 0000000c b aptEvents
0016b048 0000000c b aptFirstHook
0016b054 00000001 b aptHomeButtonState
0016b058 00000004 b aptLockHandle
0016b05c 00000004 b aptMessageFunc
0016b060 00000004 b aptMessageFuncData
0016b064 00001000 b aptParameters
0016c064 00000004 b aptRefCount
0016c068 00000008 b aptSleepEvent
0016c070 00000001 b flagInit.8273
0016c071 00000001 b flagValue.8274
0016c074 00000004 b serviceName.7912
0016c078 00000006 b aVec
0016c080 00000004 b cPos
0016c084 00000006 b gRate
0016c08c 00000004 b hidRefCount
0016c090 00000004 b kDown
0016c094 00000004 b kHeld
0016c098 00000004 b kOld
0016c09c 00000004 b kUp
0016c0a0 00000004 b tPos
0016c0a4 00000004 V __ctru_heap_size
0016c0a8 0000000c b sAddrMap
0016c0b4 00000008 b sVramPool
0016c0bc 00000008 b sMappablePool
0016c0c4 0000000c b sAddrMap
0016c0d0 00000008 b sLinearPool
0016c0d8 0000000c b sAddrMap
0016c0e4 00000004 b arbiter
0016c0e8 00000001 V __ctru_speedup
0016c0ec 00000004 b srvHandle
0016c0f0 00000004 b srvRefCount
0016c0f4 00000004 b csPos
0016c0f8 00000004 b irrstRefCount
0016c0fc 00000004 b kHeld
0016c100 00000004 b srvPmHandle
0016c104 00000004 b ptmSysmHandle
0016c108 00000004 b ptmSysmRefCount
0016c110 00000008 b sdmcArchive
0016c118 00000001 b sdmcInitialised
0016c120 00000080 b fsExemptArchives
0016c1a0 00000004 b fsuHandle
0016c1a4 00000004 b fsuRefCount
0016c1a8 00000028 B __malloc_current_mallinfo
0016c1d0 00000004 B __malloc_max_sbrked_mem
0016c1d4 00000004 B __malloc_max_total_mem
0016c1d8 00000004 B __malloc_top_pad
0016c1dc 00000004 b heap_start.7392
0016c1e0 00000004 B fake_heap_end
0016c1e4 00000004 B fake_heap_start
0016c1e8 00001000 b temp_cwd
0016d1e8 00000048 B __syscalls
0016d230 0000004c B currentCopy
0016d27c 00000008 B gfxBottomFramebuffers
0016d284 00000004 B gspSharedMemHandle
0016d288 0000001c B bottomFramebufferInfo
0016d2a4 00000004 B gspEvent
0016d2a8 00000008 B gfxTopLeftFramebuffers
0016d2b0 00000008 B gfxTopRightFramebuffers
0016d2b8 0000001c B topFramebufferInfo
0016d2d4 00000001 B gfxThreadID
0016d2d8 00000004 B gfxSharedMemory
0016d2dc 00000004 B gfxTopFramebufferMaxSize
0016d2e0 00000004 B gfxBottomFramebufferMaxSize
0016d2e4 00000004 B gxCmdBuf
0016d2e8 00000004 B gspGpuHandle
0016d2ec 00000004 B hidMemHandle
0016d2f0 00000004 B hidHandle
0016d2f4 00000004 B hidSharedMem
0016d2f8 00000014 B hidEvents
0016d30c 00000004 B __system_retAddr
0016d310 00000004 B __ctru_linear_heap
0016d314 00000004 B __ctru_heap
0016d318 00000004 B __system_argv
0016d31c 00000004 B __system_argc
0016d320 00000004 B irrstHandle
0016d324 00000004 B irrstEvent
0016d328 00000004 B irrstMemHandle
0016d32c 00000004 B irrstSharedMem
0016d330 B __tls_start
0016e73c B __bss_end__
0016e73c A __end__
0016e73c B __tls_end
